<?xml version="1.0" encoding="UTF-8"?>
<!-- Generated by org.testng.reporters.JUnitReportReporter -->
<testsuite skipped="0" hostname="LAPTOP-SMC8HIAI" name="testpack.Parallel3" tests="1" failures="0" timestamp="2021-01-26T11:45:04 IST" time="48.970" errors="0">
  <testcase name="Test3" time="48.970" classname="testpack.Parallel3"/>
  <system-out>
Hi I am Test3   </system-out>
</testsuite> <!-- testpack.Parallel3 -->
