<?xml version="1.0" encoding="UTF-8"?>
<!-- Generated by org.testng.reporters.JUnitReportReporter -->
<testsuite skipped="0" hostname="LAPTOP-SMC8HIAI" name="testpack.ActiTimeInvalidLoginTestWithDataProvider" tests="4" failures="0" timestamp="2021-01-31T12:28:09 IST" time="63.128" errors="0">
  <testcase name="TestInvalidLogin" time="14.868" classname="testpack.ActiTimeInvalidLoginTestWithDataProvider"/>
  <system-out/>
  <testcase name="TestInvalidLogin" time="15.065" classname="testpack.ActiTimeInvalidLoginTestWithDataProvider"/>
  <system-out/>
  <testcase name="TestInvalidLogin" time="17.920" classname="testpack.ActiTimeInvalidLoginTestWithDataProvider"/>
  <system-out/>
  <testcase name="TestInvalidLogin" time="15.275" classname="testpack.ActiTimeInvalidLoginTestWithDataProvider"/>
  <system-out/>
</testsuite> <!-- testpack.ActiTimeInvalidLoginTestWithDataProvider -->
