<?xml version="1.0" encoding="UTF-8"?>
<!-- Generated by org.testng.reporters.JUnitReportReporter -->
<testsuite skipped="0" hostname="LAPTOP-SMC8HIAI" name="testpack.Parallel1" tests="1" failures="0" timestamp="2021-01-26T11:45:04 IST" time="47.013" errors="0">
  <testcase name="Test1" time="47.013" classname="testpack.Parallel1"/>
  <system-out>
Hi I am Test1   </system-out>
</testsuite> <!-- testpack.Parallel1 -->
