<?xml version="1.0" encoding="UTF-8"?>
<!-- Generated by org.testng.reporters.JUnitReportReporter -->
<testsuite skipped="0" hostname="LAPTOP-SMC8HIAI" name="testpack.GroupExcution" tests="6" failures="0" timestamp="2021-01-30T12:26:19 IST" time="0.028" errors="0">
  <testcase name="it6" time="0.002" classname="testpack.GroupExcution"/>
  <system-out>
Hi I am INTEGRATION TEST CASE 6  </system-out>
  <testcase name="it3" time="0.002" classname="testpack.GroupExcution"/>
  <system-out>
Hi I am INTEGRATION TEST CASE 3  </system-out>
  <testcase name="it1" time="0.017" classname="testpack.GroupExcution"/>
  <system-out>
Hi I am INTEGRATION TEST CASE 1  </system-out>
  <testcase name="it5" time="0.002" classname="testpack.GroupExcution"/>
  <system-out>
Hi I am INTEGRATION TEST CASE 5  </system-out>
  <testcase name="it2" time="0.002" classname="testpack.GroupExcution"/>
  <system-out>
Hi I am INTEGRATION TEST CASE 2  </system-out>
  <testcase name="it4" time="0.003" classname="testpack.GroupExcution"/>
  <system-out>
Hi I am INTEGRATION TEST CASE 4  </system-out>
</testsuite> <!-- testpack.GroupExcution -->
