<?xml version="1.0" encoding="UTF-8"?>
<!-- Generated by org.testng.reporters.JUnitReportReporter -->
<testsuite skipped="0" hostname="LAPTOP-SMC8HIAI" name="testpack.Sumo" tests="1" failures="0" timestamp="2021-01-23T12:15:36 IST" time="0.017" errors="0">
  <testcase name="sun" time="0.017" classname="testpack.Sumo"/>
  <system-out>
 Hi i am sun method from Sumo   </system-out>
</testsuite> <!-- testpack.Sumo -->
