<?xml version="1.0" encoding="UTF-8"?>
<!-- Generated by org.testng.reporters.JUnitReportReporter -->
<testsuite skipped="0" hostname="LAPTOP-SMC8HIAI" name="testpack.Parallel4" tests="1" failures="0" timestamp="2021-01-26T11:45:04 IST" time="59.470" errors="0">
  <testcase name="Test4" time="59.470" classname="testpack.Parallel4"/>
  <system-out>
Hi I am Test4   </system-out>
</testsuite> <!-- testpack.Parallel4 -->
