<?xml version="1.0" encoding="UTF-8"?>
<!-- Generated by org.testng.reporters.JUnitReportReporter -->
<testsuite skipped="0" hostname="LAPTOP-SMC8HIAI" name="testpack.NewTest" tests="2" failures="0" timestamp="2021-01-30T11:52:41 IST" time="0.022" errors="0">
  <testcase name="createUser" time="0.020" classname="testpack.NewTest"/>
  <system-out>
Hi user is created  </system-out>
  <testcase name="createContact" time="0.002" classname="testpack.NewTest"/>
  <system-out>
Hi contact is created  </system-out>
</testsuite> <!-- testpack.NewTest -->
