<?xml version="1.0" encoding="UTF-8"?>
<!-- Generated by org.testng.reporters.JUnitReportReporter -->
<testsuite skipped="0" hostname="LAPTOP-SMC8HIAI" name="testpack.TestngDemo" tests="3" failures="0" timestamp="2021-01-23T12:26:12 IST" time="0.018" errors="0">
  <testcase name="login" time="0.016" classname="testpack.TestngDemo"/>
  <system-out>
login successful  </system-out>
  <testcase name="verifyUser" time="0.001" classname="testpack.TestngDemo"/>
  <system-out>
user verified  </system-out>
  <testcase name="verifyHome" time="0.001" classname="testpack.TestngDemo"/>
  <system-out>
home page verified  </system-out>
</testsuite> <!-- testpack.TestngDemo -->
