<?xml version="1.0" encoding="UTF-8"?>
<!-- Generated by org.testng.reporters.JUnitReportReporter -->
<testsuite skipped="0" hostname="LAPTOP-SMC8HIAI" name="testpack.Priority2" tests="6" failures="0" timestamp="2021-01-30T11:15:26 IST" time="0.034" errors="0">
  <testcase name="h" time="0.022" classname="testpack.Priority2"/>
  <system-out>
Hi I am From h  </system-out>
  <testcase name="k" time="0.002" classname="testpack.Priority2"/>
  <system-out>
Hi I am From K  </system-out>
  <testcase name="y" time="0.003" classname="testpack.Priority2"/>
  <system-out>
Hi I am From y  </system-out>
  <testcase name="x" time="0.002" classname="testpack.Priority2"/>
  <system-out>
Hi I am From X  </system-out>
  <testcase name="c" time="0.003" classname="testpack.Priority2"/>
  <system-out>
Hi I am From C  </system-out>
  <testcase name="v" time="0.002" classname="testpack.Priority2"/>
  <system-out>
Hi I am From v  </system-out>
</testsuite> <!-- testpack.Priority2 -->
