<?xml version="1.0" encoding="UTF-8"?>
<!-- Generated by org.testng.reporters.JUnitReportReporter -->
<testsuite skipped="0" hostname="LAPTOP-SMC8HIAI" name="testpack.actiTime" tests="3" failures="0" timestamp="2021-01-26T11:19:42 IST" time="52.794" errors="0">
  <testcase name="f" time="26.580" classname="testpack.actiTime"/>
  <system-out/>
  <testcase name="f" time="12.989" classname="testpack.actiTime"/>
  <system-out/>
  <testcase name="f" time="13.225" classname="testpack.actiTime"/>
  <system-out/>
</testsuite> <!-- testpack.actiTime -->
