<?xml version="1.0" encoding="UTF-8"?>
<!-- Generated by org.testng.reporters.JUnitReportReporter -->
<testsuite skipped="0" hostname="LAPTOP-SMC8HIAI" name="testpack.BrowserLaunch" tests="2" failures="0" timestamp="2021-01-30T13:10:01 IST" time="118.815" errors="0">
  <testcase name="setUp" time="81.603" classname="testpack.BrowserLaunch"/>
  <system-out/>
  <testcase name="setUp" time="37.212" classname="testpack.BrowserLaunch"/>
  <system-out/>
</testsuite> <!-- testpack.BrowserLaunch -->
