<?xml version="1.0" encoding="UTF-8"?>
<!-- Generated by org.testng.reporters.JUnitReportReporter -->
<testsuite skipped="0" hostname="LAPTOP-SMC8HIAI" name="testpack.Browser" tests="2" failures="0" timestamp="2021-01-26T11:38:20 IST" time="114.858" errors="0">
  <testcase name="launch" time="66.979" classname="testpack.Browser"/>
  <system-out/>
  <testcase name="launch" time="47.879" classname="testpack.Browser"/>
  <system-out/>
</testsuite> <!-- testpack.Browser -->
