<?xml version="1.0" encoding="UTF-8"?>
<!-- Generated by org.testng.reporters.JUnitReportReporter -->
<testsuite skipped="0" hostname="LAPTOP-SMC8HIAI" name="testpack.TestNGDataprovider" tests="3" failures="0" timestamp="2021-01-25T22:40:17 IST" time="41.257" errors="0">
  <testcase name="TestActiTimeInvalid" time="14.025" classname="testpack.TestNGDataprovider"/>
  <system-out/>
  <testcase name="TestActiTimeInvalid" time="10.332" classname="testpack.TestNGDataprovider"/>
  <system-out/>
  <testcase name="TestActiTimeInvalid" time="16.900" classname="testpack.TestNGDataprovider"/>
  <system-out/>
</testsuite> <!-- testpack.TestNGDataprovider -->
