<?xml version="1.0" encoding="UTF-8"?>
<!-- Generated by org.testng.reporters.JUnitReportReporter -->
<testsuite skipped="0" hostname="LAPTOP-SMC8HIAI" name="testn.Grid_2" tests="1" failures="0" timestamp="2021-01-30T08:58:28 IST" time="14.748" errors="0">
  <testcase name="simpleTest" time="14.748" classname="testn.Grid_2"/>
  <system-out/>
</testsuite> <!-- testn.Grid_2 -->
