<?xml version="1.0" encoding="UTF-8"?>
<!-- Generated by org.testng.reporters.JUnitReportReporter -->
<testsuite skipped="0" hostname="LAPTOP-SMC8HIAI" name="testpack.OrangeHRMAssertion" tests="1" failures="0" timestamp="2021-01-31T11:54:31 IST" time="49.956" errors="0">
  <testcase name="orangeHRMTest" time="49.956" classname="testpack.OrangeHRMAssertion"/>
  <system-out/>
</testsuite> <!-- testpack.OrangeHRMAssertion -->
