<?xml version="1.0" encoding="UTF-8"?>
<!-- Generated by org.testng.reporters.JUnitReportReporter -->
<testsuite skipped="0" hostname="LAPTOP-SMC8HIAI" name="testpack.TestNGFlags" tests="5" failures="0" timestamp="2021-01-23T12:34:39 IST" time="0.022" errors="0">
  <testcase name="g" time="0.003" classname="testpack.TestNGFlags"/>
  <system-out>
Launch the browser  </system-out>
  <testcase name="d" time="0.014" classname="testpack.TestNGFlags"/>
  <system-out>
Login to the application  </system-out>
  <testcase name="h" time="0.002" classname="testpack.TestNGFlags"/>
  <system-out>
Enter the URL  </system-out>
  <testcase name="e" time="0.002" classname="testpack.TestNGFlags"/>
  <system-out>
logout  </system-out>
  <testcase name="k" time="0.001" classname="testpack.TestNGFlags"/>
  <system-out>
verify the home page  </system-out>
</testsuite> <!-- testpack.TestNGFlags -->
