<?xml version="1.0" encoding="UTF-8"?>
<!-- Generated by org.testng.reporters.JUnitReportReporter -->
<testsuite skipped="0" hostname="LAPTOP-SMC8HIAI" name="testpack.flags" tests="3" failures="0" timestamp="2021-01-30T11:30:21 IST" time="0.021" errors="0">
  <testcase name="verifyHomePage" time="0.002" classname="testpack.flags"/>
  <system-out>
verify the home page  </system-out>
  <testcase name="logout" time="0.016" classname="testpack.flags"/>
  <system-out>
logout  </system-out>
  <testcase name="login" time="0.003" classname="testpack.flags"/>
  <system-out>
login to the application  </system-out>
</testsuite> <!-- testpack.flags -->
