<?xml version="1.0" encoding="UTF-8"?>
<!-- Generated by org.testng.reporters.JUnitReportReporter -->
<testsuite skipped="0" hostname="LAPTOP-SMC8HIAI" name="testpack.Priority1" tests="7" failures="0" timestamp="2021-01-24T10:13:24 IST" time="0.028" errors="0">
  <testcase name="h" time="0.015" classname="testpack.Priority1"/>
  <system-out>
Hi  I am from method h  </system-out>
  <testcase name="x" time="0.002" classname="testpack.Priority1"/>
  <system-out>
Hi  I am from method x   </system-out>
  <testcase name="z" time="0.002" classname="testpack.Priority1"/>
  <system-out>
Hi  I am from method z  </system-out>
  <testcase name="f" time="0.003" classname="testpack.Priority1"/>
  <system-out>
Hi  I am from method f  </system-out>
  <testcase name="a" time="0.001" classname="testpack.Priority1"/>
  <system-out>
Hi  I am from method a  </system-out>
  <testcase name="k" time="0.002" classname="testpack.Priority1"/>
  <system-out>
Hi  I am from method k  </system-out>
  <testcase name="g" time="0.003" classname="testpack.Priority1"/>
  <system-out>
Hi  I am from method g  </system-out>
</testsuite> <!-- testpack.Priority1 -->
