<?xml version="1.0" encoding="UTF-8"?>
<!-- Generated by org.testng.reporters.JUnitReportReporter -->
<testsuite skipped="0" hostname="LAPTOP-SMC8HIAI" name="testpack.Parallel2" tests="1" failures="0" timestamp="2021-01-26T11:45:04 IST" time="57.656" errors="0">
  <testcase name="Test2" time="57.656" classname="testpack.Parallel2"/>
  <system-out>
Hi I am Test2   </system-out>
</testsuite> <!-- testpack.Parallel2 -->
