<?xml version="1.0" encoding="UTF-8"?>
<!-- Generated by org.testng.reporters.JUnitReportReporter -->
<testsuite skipped="0" hostname="LAPTOP-SMC8HIAI" name="testpack.AnnotationsSequence" tests="2" failures="0" timestamp="2021-01-24T10:02:19 IST" time="0.014" errors="0">
  <testcase name="verifyUserTest" time="0.010" classname="testpack.AnnotationsSequence"/>
  <system-out>
userVerified  </system-out>
  <testcase name="googleTest" time="0.004" classname="testpack.AnnotationsSequence"/>
  <system-out>
GoogleTest  </system-out>
</testsuite> <!-- testpack.AnnotationsSequence -->
