<?xml version="1.0" encoding="UTF-8"?>
<!-- Generated by org.testng.reporters.JUnitReportReporter -->
<testsuite skipped="0" hostname="LAPTOP-SMC8HIAI" name="testpack.Remo" tests="1" failures="0" timestamp="2021-01-24T09:59:30 IST" time="0.001" errors="0">
  <testcase name="gun" time="0.001" classname="testpack.Remo"/>
  <system-out>
Hi i am gun method from Remo   </system-out>
</testsuite> <!-- testpack.Remo -->
