<?xml version="1.0" encoding="UTF-8"?>
<!-- Generated by org.testng.reporters.JUnitReportReporter -->
<testsuite skipped="0" hostname="LAPTOP-SMC8HIAI" name="testpack.Demo" tests="1" failures="0" timestamp="2021-01-24T09:59:30 IST" time="0.012" errors="0">
  <testcase name="run" time="0.012" classname="testpack.Demo"/>
  <system-out>
Hi I am run method from Demo  </system-out>
</testsuite> <!-- testpack.Demo -->
