<?xml version="1.0" encoding="UTF-8"?>
<!-- Generated by org.testng.reporters.JUnitReportReporter -->
<testsuite skipped="0" hostname="LAPTOP-SMC8HIAI" name="testpack.Testn4" tests="101" failures="0" timestamp="2021-01-30T11:59:40 IST" time="0.218" errors="0">
  <testcase name="demo" time="0.003" classname="testpack.Testn4"/>
  <system-out>
Hi  I am from Demo Method  </system-out>
  <testcase name="demo" time="0.001" classname="testpack.Testn4"/>
  <system-out>
Hi  I am from Demo Method  </system-out>
  <testcase name="demo" time="0.001" classname="testpack.Testn4"/>
  <system-out>
Hi  I am from Demo Method  </system-out>
  <testcase name="demo" time="0.001" classname="testpack.Testn4"/>
  <system-out>
Hi  I am from Demo Method  </system-out>
  <testcase name="demo" time="0.003" classname="testpack.Testn4"/>
  <system-out>
Hi  I am from Demo Method  </system-out>
  <testcase name="demo" time="0.001" classname="testpack.Testn4"/>
  <system-out>
Hi  I am from Demo Method  </system-out>
  <testcase name="demo" time="0.002" classname="testpack.Testn4"/>
  <system-out>
Hi  I am from Demo Method  </system-out>
  <testcase name="demo" time="0.001" classname="testpack.Testn4"/>
  <system-out>
Hi  I am from Demo Method  </system-out>
  <testcase name="demo" time="0.002" classname="testpack.Testn4"/>
  <system-out>
Hi  I am from Demo Method  </system-out>
  <testcase name="demo" time="0.004" classname="testpack.Testn4"/>
  <system-out>
Hi  I am from Demo Method  </system-out>
  <testcase name="demo" time="0.001" classname="testpack.Testn4"/>
  <system-out>
Hi  I am from Demo Method  </system-out>
  <testcase name="demo" time="0.002" classname="testpack.Testn4"/>
  <system-out>
Hi  I am from Demo Method  </system-out>
  <testcase name="demo" time="0.003" classname="testpack.Testn4"/>
  <system-out>
Hi  I am from Demo Method  </system-out>
  <testcase name="demo" time="0.002" classname="testpack.Testn4"/>
  <system-out>
Hi  I am from Demo Method  </system-out>
  <testcase name="demo" time="0.003" classname="testpack.Testn4"/>
  <system-out>
Hi  I am from Demo Method  </system-out>
  <testcase name="demo" time="0.002" classname="testpack.Testn4"/>
  <system-out>
Hi  I am from Demo Method  </system-out>
  <testcase name="demo" time="0.001" classname="testpack.Testn4"/>
  <system-out>
Hi  I am from Demo Method  </system-out>
  <testcase name="demo" time="0.001" classname="testpack.Testn4"/>
  <system-out>
Hi  I am from Demo Method  </system-out>
  <testcase name="demo" time="0.001" classname="testpack.Testn4"/>
  <system-out>
Hi  I am from Demo Method  </system-out>
  <testcase name="demo" time="0.001" classname="testpack.Testn4"/>
  <system-out>
Hi  I am from Demo Method  </system-out>
  <testcase name="demo" time="0.015" classname="testpack.Testn4"/>
  <system-out>
Hi  I am from Demo Method  </system-out>
  <testcase name="demo" time="0.001" classname="testpack.Testn4"/>
  <system-out>
Hi  I am from Demo Method  </system-out>
  <testcase name="demo" time="0.001" classname="testpack.Testn4"/>
  <system-out>
Hi  I am from Demo Method  </system-out>
  <testcase name="demo" time="0.001" classname="testpack.Testn4"/>
  <system-out>
Hi  I am from Demo Method  </system-out>
  <testcase name="demo" time="0.001" classname="testpack.Testn4"/>
  <system-out>
Hi  I am from Demo Method  </system-out>
  <testcase name="demo" time="0.003" classname="testpack.Testn4"/>
  <system-out>
Hi  I am from Demo Method  </system-out>
  <testcase name="demo" time="0.001" classname="testpack.Testn4"/>
  <system-out>
Hi  I am from Demo Method  </system-out>
  <testcase name="demo" time="0.002" classname="testpack.Testn4"/>
  <system-out>
Hi  I am from Demo Method  </system-out>
  <testcase name="demo" time="0.003" classname="testpack.Testn4"/>
  <system-out>
Hi  I am from Demo Method  </system-out>
  <testcase name="demo" time="0.002" classname="testpack.Testn4"/>
  <system-out>
Hi  I am from Demo Method  </system-out>
  <testcase name="demo" time="0.003" classname="testpack.Testn4"/>
  <system-out>
Hi  I am from Demo Method  </system-out>
  <testcase name="demo" time="0.000" classname="testpack.Testn4"/>
  <system-out>
Hi  I am from Demo Method  </system-out>
  <testcase name="demo" time="0.002" classname="testpack.Testn4"/>
  <system-out>
Hi  I am from Demo Method  </system-out>
  <testcase name="demo" time="0.003" classname="testpack.Testn4"/>
  <system-out>
Hi  I am from Demo Method  </system-out>
  <testcase name="demo" time="0.001" classname="testpack.Testn4"/>
  <system-out>
Hi  I am from Demo Method  </system-out>
  <testcase name="demo" time="0.002" classname="testpack.Testn4"/>
  <system-out>
Hi  I am from Demo Method  </system-out>
  <testcase name="demo" time="0.002" classname="testpack.Testn4"/>
  <system-out>
Hi  I am from Demo Method  </system-out>
  <testcase name="demo" time="0.003" classname="testpack.Testn4"/>
  <system-out>
Hi  I am from Demo Method  </system-out>
  <testcase name="demo" time="0.002" classname="testpack.Testn4"/>
  <system-out>
Hi  I am from Demo Method  </system-out>
  <testcase name="demo" time="0.002" classname="testpack.Testn4"/>
  <system-out>
Hi  I am from Demo Method  </system-out>
  <testcase name="demo" time="0.002" classname="testpack.Testn4"/>
  <system-out>
Hi  I am from Demo Method  </system-out>
  <testcase name="demo" time="0.002" classname="testpack.Testn4"/>
  <system-out>
Hi  I am from Demo Method  </system-out>
  <testcase name="demo" time="0.003" classname="testpack.Testn4"/>
  <system-out>
Hi  I am from Demo Method  </system-out>
  <testcase name="demo" time="0.002" classname="testpack.Testn4"/>
  <system-out>
Hi  I am from Demo Method  </system-out>
  <testcase name="demo" time="0.003" classname="testpack.Testn4"/>
  <system-out>
Hi  I am from Demo Method  </system-out>
  <testcase name="demo" time="0.002" classname="testpack.Testn4"/>
  <system-out>
Hi  I am from Demo Method  </system-out>
  <testcase name="a" time="0.001" classname="testpack.Testn4"/>
  <system-out>
Hi  I am from a Method  </system-out>
  <testcase name="demo" time="0.008" classname="testpack.Testn4"/>
  <system-out>
Hi  I am from Demo Method  </system-out>
  <testcase name="demo" time="0.001" classname="testpack.Testn4"/>
  <system-out>
Hi  I am from Demo Method  </system-out>
  <testcase name="demo" time="0.011" classname="testpack.Testn4"/>
  <system-out>
Hi  I am from Demo Method  </system-out>
  <testcase name="demo" time="0.003" classname="testpack.Testn4"/>
  <system-out>
Hi  I am from Demo Method  </system-out>
  <testcase name="demo" time="0.001" classname="testpack.Testn4"/>
  <system-out>
Hi  I am from Demo Method  </system-out>
  <testcase name="demo" time="0.001" classname="testpack.Testn4"/>
  <system-out>
Hi  I am from Demo Method  </system-out>
  <testcase name="demo" time="0.006" classname="testpack.Testn4"/>
  <system-out>
Hi  I am from Demo Method  </system-out>
  <testcase name="demo" time="0.001" classname="testpack.Testn4"/>
  <system-out>
Hi  I am from Demo Method  </system-out>
  <testcase name="demo" time="0.002" classname="testpack.Testn4"/>
  <system-out>
Hi  I am from Demo Method  </system-out>
  <testcase name="demo" time="0.001" classname="testpack.Testn4"/>
  <system-out>
Hi  I am from Demo Method  </system-out>
  <testcase name="demo" time="0.001" classname="testpack.Testn4"/>
  <system-out>
Hi  I am from Demo Method  </system-out>
  <testcase name="demo" time="0.002" classname="testpack.Testn4"/>
  <system-out>
Hi  I am from Demo Method  </system-out>
  <testcase name="demo" time="0.002" classname="testpack.Testn4"/>
  <system-out>
Hi  I am from Demo Method  </system-out>
  <testcase name="demo" time="0.001" classname="testpack.Testn4"/>
  <system-out>
Hi  I am from Demo Method  </system-out>
  <testcase name="demo" time="0.006" classname="testpack.Testn4"/>
  <system-out>
Hi  I am from Demo Method  </system-out>
  <testcase name="demo" time="0.001" classname="testpack.Testn4"/>
  <system-out>
Hi  I am from Demo Method  </system-out>
  <testcase name="demo" time="0.001" classname="testpack.Testn4"/>
  <system-out>
Hi  I am from Demo Method  </system-out>
  <testcase name="demo" time="0.002" classname="testpack.Testn4"/>
  <system-out>
Hi  I am from Demo Method  </system-out>
  <testcase name="demo" time="0.001" classname="testpack.Testn4"/>
  <system-out>
Hi  I am from Demo Method  </system-out>
  <testcase name="demo" time="0.002" classname="testpack.Testn4"/>
  <system-out>
Hi  I am from Demo Method  </system-out>
  <testcase name="demo" time="0.001" classname="testpack.Testn4"/>
  <system-out>
Hi  I am from Demo Method  </system-out>
  <testcase name="demo" time="0.003" classname="testpack.Testn4"/>
  <system-out>
Hi  I am from Demo Method  </system-out>
  <testcase name="demo" time="0.001" classname="testpack.Testn4"/>
  <system-out>
Hi  I am from Demo Method  </system-out>
  <testcase name="demo" time="0.002" classname="testpack.Testn4"/>
  <system-out>
Hi  I am from Demo Method  </system-out>
  <testcase name="demo" time="0.001" classname="testpack.Testn4"/>
  <system-out>
Hi  I am from Demo Method  </system-out>
  <testcase name="demo" time="0.002" classname="testpack.Testn4"/>
  <system-out>
Hi  I am from Demo Method  </system-out>
  <testcase name="demo" time="0.001" classname="testpack.Testn4"/>
  <system-out>
Hi  I am from Demo Method  </system-out>
  <testcase name="demo" time="0.002" classname="testpack.Testn4"/>
  <system-out>
Hi  I am from Demo Method  </system-out>
  <testcase name="demo" time="0.001" classname="testpack.Testn4"/>
  <system-out>
Hi  I am from Demo Method  </system-out>
  <testcase name="demo" time="0.001" classname="testpack.Testn4"/>
  <system-out>
Hi  I am from Demo Method  </system-out>
  <testcase name="demo" time="0.001" classname="testpack.Testn4"/>
  <system-out>
Hi  I am from Demo Method  </system-out>
  <testcase name="demo" time="0.003" classname="testpack.Testn4"/>
  <system-out>
Hi  I am from Demo Method  </system-out>
  <testcase name="demo" time="0.001" classname="testpack.Testn4"/>
  <system-out>
Hi  I am from Demo Method  </system-out>
  <testcase name="demo" time="0.002" classname="testpack.Testn4"/>
  <system-out>
Hi  I am from Demo Method  </system-out>
  <testcase name="demo" time="0.002" classname="testpack.Testn4"/>
  <system-out>
Hi  I am from Demo Method  </system-out>
  <testcase name="demo" time="0.001" classname="testpack.Testn4"/>
  <system-out>
Hi  I am from Demo Method  </system-out>
  <testcase name="demo" time="0.003" classname="testpack.Testn4"/>
  <system-out>
Hi  I am from Demo Method  </system-out>
  <testcase name="demo" time="0.001" classname="testpack.Testn4"/>
  <system-out>
Hi  I am from Demo Method  </system-out>
  <testcase name="demo" time="0.002" classname="testpack.Testn4"/>
  <system-out>
Hi  I am from Demo Method  </system-out>
  <testcase name="demo" time="0.005" classname="testpack.Testn4"/>
  <system-out>
Hi  I am from Demo Method  </system-out>
  <testcase name="demo" time="0.004" classname="testpack.Testn4"/>
  <system-out>
Hi  I am from Demo Method  </system-out>
  <testcase name="demo" time="0.001" classname="testpack.Testn4"/>
  <system-out>
Hi  I am from Demo Method  </system-out>
  <testcase name="demo" time="0.002" classname="testpack.Testn4"/>
  <system-out>
Hi  I am from Demo Method  </system-out>
  <testcase name="demo" time="0.001" classname="testpack.Testn4"/>
  <system-out>
Hi  I am from Demo Method  </system-out>
  <testcase name="demo" time="0.001" classname="testpack.Testn4"/>
  <system-out>
Hi  I am from Demo Method  </system-out>
  <testcase name="demo" time="0.001" classname="testpack.Testn4"/>
  <system-out>
Hi  I am from Demo Method  </system-out>
  <testcase name="demo" time="0.002" classname="testpack.Testn4"/>
  <system-out>
Hi  I am from Demo Method  </system-out>
  <testcase name="demo" time="0.001" classname="testpack.Testn4"/>
  <system-out>
Hi  I am from Demo Method  </system-out>
  <testcase name="demo" time="0.002" classname="testpack.Testn4"/>
  <system-out>
Hi  I am from Demo Method  </system-out>
  <testcase name="demo" time="0.002" classname="testpack.Testn4"/>
  <system-out>
Hi  I am from Demo Method  </system-out>
  <testcase name="demo" time="0.001" classname="testpack.Testn4"/>
  <system-out>
Hi  I am from Demo Method  </system-out>
  <testcase name="demo" time="0.002" classname="testpack.Testn4"/>
  <system-out>
Hi  I am from Demo Method  </system-out>
  <testcase name="demo" time="0.006" classname="testpack.Testn4"/>
  <system-out>
Hi  I am from Demo Method  </system-out>
  <testcase name="demo" time="0.001" classname="testpack.Testn4"/>
  <system-out>
Hi  I am from Demo Method  </system-out>
</testsuite> <!-- testpack.Testn4 -->
