<?xml version="1.0" encoding="UTF-8"?>
<!-- Generated by org.testng.reporters.JUnitReportReporter -->
<testsuite skipped="0" hostname="LAPTOP-SMC8HIAI" name="parallelExecution.ActiTimeTest" tests="3" failures="0" timestamp="2021-01-25T12:02:14 IST" time="67.626" errors="0">
  <testcase name="createReport" time="35.479" classname="parallelExecution.ActiTimeTest"/>
  <system-out/>
  <testcase name="testSeleniumdev" time="19.822" classname="parallelExecution.ActiTimeTest"/>
  <system-out/>
  <testcase name="createUser" time="12.325" classname="parallelExecution.ActiTimeTest"/>
  <system-out/>
</testsuite> <!-- parallelExecution.ActiTimeTest -->
